<?xml version="1.0" encoding="UTF-8"?>
<!-- Generated by org.testng.reporters.JUnitReportReporter -->
<testsuite skipped="0" hostname="MIS" name="Selenium.Project.Tests" tests="3" failures="0" timestamp="05 May 2017 15:33:42 GMT" time="24.179" errors="0">
  <testcase name="login" time="18.256" classname="Selenium.Project.Tests"/>
  <testcase name="loginpage" time="3.749" classname="Selenium.Project.Tests"/>
  <testcase name="enterdetails" time="2.174" classname="Selenium.Project.Tests"/>
</testsuite> <!-- Selenium.Project.Tests -->
