<?xml version="1.0" encoding="UTF-8"?>
<!-- Generated by org.testng.reporters.JUnitReportReporter -->
<testsuite skipped="0" hostname="MIS" name="Selenium.Project.Scenario2" tests="2" failures="0" timestamp="05 May 2017 16:23:09 GMT" time="278.384" errors="0">
  <testcase name="setUp" time="111.733" classname="Selenium.Project.Scenario2"/>
  <testcase name="dresspage" time="166.651" classname="Selenium.Project.Scenario2"/>
</testsuite> <!-- Selenium.Project.Scenario2 -->
